<?xml version="1.0" encoding="UTF-8"?>
<!-- Generated by org.testng.reporters.JUnitReportReporter -->
<testsuite hostname="Pranav" failures="0" tests="1" name="cucumberOptions.TestNGtestRunner" time="6.501" errors="0" timestamp="2025-04-17T16:18:15 IST" skipped="0">
  <testcase classname="cucumberOptions.TestNGtestRunner" name="runScenario" time="6.501"/>
</testsuite> <!-- cucumberOptions.TestNGtestRunner -->
