<?xml version="1.0" encoding="UTF-8"?>
<!-- Generated by org.testng.reporters.JUnitReportReporter -->
<testsuite hostname="Pranav" failures="0" tests="1" name="cucumberOptions.TestNGtestRunner" time="17.434" errors="1" timestamp="2025-04-23T08:01:08 IST" skipped="0">
  <testcase classname="cucumberOptions.TestNGtestRunner" name="runScenario" time="17.434">
    <error message="Cannot read field &quot;driver&quot; because &quot;this.testcontextsetup&quot; is null" type="java.lang.NullPointerException">
      <![CDATA[java.lang.NullPointerException: Cannot read field "driver" because "this.testcontextsetup" is null
at pageObjects.logInpage.closeandReopenbrowser(logInpage.java:108)
at stepDefinations.Loginpage.i_close_and_reopen_the_browser(Loginpage.java:225)
at âœ½.I close and reopen the browser(file:///C:/Users/Pranav/eclipse-workspace/elevatecucumber/src/test/java/features/login.feature:51)
]]>
    </error>
  </testcase> <!-- runScenario -->
</testsuite> <!-- cucumberOptions.TestNGtestRunner -->
