<?xml version="1.0" encoding="UTF-8"?>
<!-- Generated by org.testng.reporters.JUnitReportReporter -->
<testsuite hostname="Pranav" failures="1" tests="4" name="cucumberOptions.TestNGtestRunner" time="10.382" errors="0" timestamp="2025-05-10T17:55:30 IST" skipped="0">
  <testcase classname="cucumberOptions.TestNGtestRunner" name="runScenario" time="2.521"/>
  <testcase classname="cucumberOptions.TestNGtestRunner" name="runScenario" time="2.283"/>
  <testcase classname="cucumberOptions.TestNGtestRunner" name="runScenario" time="2.173">
    <failure message="Assertion failed: Current URL does not contain the expected value. expected [true] but found [false]" type="java.lang.AssertionError">
      <![CDATA[java.lang.AssertionError: Assertion failed: Current URL does not contain the expected value. expected [true] but found [false]
at org.testng.Assert.fail(Assert.java:111)
at org.testng.Assert.failNotEquals(Assert.java:1578)
at org.testng.Assert.assertTrue(Assert.java:57)
at utils.Genericutils.compareToUrl(Genericutils.java:58)
at stepDefinations.Loginpage.i_should_be_redirected_to_the_dashboard(Loginpage.java:138)
at âœ½.I should be redirected to the dashboard(file:///C:/Users/Pranav/eclipse-workspace/elevatecucumber/src/test/java/features/login.feature:32)
]]>
    </failure>
  </testcase> <!-- runScenario -->
  <testcase classname="cucumberOptions.TestNGtestRunner" name="runScenario" time="3.405"/>
</testsuite> <!-- cucumberOptions.TestNGtestRunner -->
