<?xml version="1.0" encoding="UTF-8"?>
<!-- Generated by org.testng.reporters.JUnitReportReporter -->
<testsuite hostname="Pranav" failures="0" tests="4" name="cucumberOptions.TestNGtestRunner" time="17.101" errors="0" timestamp="2025-05-10T18:13:46 IST" skipped="0">
  <testcase classname="cucumberOptions.TestNGtestRunner" name="runScenario" time="2.107"/>
  <testcase classname="cucumberOptions.TestNGtestRunner" name="runScenario" time="3.413"/>
  <testcase classname="cucumberOptions.TestNGtestRunner" name="runScenario" time="3.897"/>
  <testcase classname="cucumberOptions.TestNGtestRunner" name="runScenario" time="7.684"/>
</testsuite> <!-- cucumberOptions.TestNGtestRunner -->
